2018-06-26 23:44:57,972 [        MainThread][         start][    INFO] Starting TheRaidMap
2018-06-26 23:44:57,973 [        MainThread][       _legacy][    INFO] Starting factory <client.VNCDoToolFactory instance at 0x112e33dd0>
2018-06-26 23:44:58,249 [            VNCPic][       _legacy][    INFO] Using protocol version 3.800
2018-06-26 23:45:00,030 [        MainThread][   detect_text][    INFO] Check for Loginbutton - start ...
2018-06-26 23:45:00,556 [        MainThread][   detect_text][   ERROR] KK
2018-06-26 23:45:00,557 [        MainThread][   detect_text][    INFO] Check for Loginbutton - finished...
2018-06-26 23:45:00,557 [        MainThread][   detect_text][    INFO] Check for Messagebox - start ...
2018-06-26 23:45:00,877 [        MainThread][   detect_text][   ERROR] 
2018-06-26 23:45:00,877 [        MainThread][   detect_text][    INFO] Check for Messagebox - finished...
2018-06-26 23:45:00,877 [        MainThread][   detect_text][    INFO] Check for Xbutton - start ...
2018-06-26 23:45:01,468 [        MainThread][   detect_text][   ERROR] X
2018-06-26 23:45:01,469 [        MainThread][   detect_text][   ERROR] X
2018-06-26 23:45:01,469 [        MainThread][         start][   ERROR] Uncaught exception
Traceback (most recent call last):
  File "start.py", line 105, in <module>
    main()
  File "start.py", line 69, in main
    check_Xbutton()
  File "/Users/fameitelhuber/Desktop/TheRaidMapper/detect_text.py", line 72, in check_Xbutton
    if 'X' in timer2 & 'RAID' not in timer3 :
TypeError: unsupported operand type(s) for &: 'unicode' and 'str'
